2025/03/11 18:02:17 [error] [exception.CHttpException.404] CHttpException: The system is unable to find the requested action "page". in D:\Apps\XAMPP\htdocs\myclinic\framework\web\CController.php:486
Stack trace:
#0 D:\Apps\XAMPP\htdocs\myclinic\framework\web\CController.php(270): CController->missingAction('page')
#1 D:\Apps\XAMPP\htdocs\myclinic\framework\web\CWebApplication.php(282): CController->run('page')
#2 D:\Apps\XAMPP\htdocs\myclinic\framework\web\CWebApplication.php(141): CWebApplication->runController('site/page')
#3 D:\Apps\XAMPP\htdocs\myclinic\framework\base\CApplication.php(185): CWebApplication->processRequest()
#4 D:\Apps\XAMPP\htdocs\myclinic\index.php(13): CApplication->run()
#5 {main}
REQUEST_URI=/index.php?r=site/page&view=about
HTTP_REFERER=http://localhost:8088/myclinic/
---
2025/03/11 18:02:20 [error] [exception.CHttpException.404] CHttpException: The system is unable to find the requested action "contact". in D:\Apps\XAMPP\htdocs\myclinic\framework\web\CController.php:486
Stack trace:
#0 D:\Apps\XAMPP\htdocs\myclinic\framework\web\CController.php(270): CController->missingAction('contact')
#1 D:\Apps\XAMPP\htdocs\myclinic\framework\web\CWebApplication.php(282): CController->run('contact')
#2 D:\Apps\XAMPP\htdocs\myclinic\framework\web\CWebApplication.php(141): CWebApplication->runController('site/contact')
#3 D:\Apps\XAMPP\htdocs\myclinic\framework\base\CApplication.php(185): CWebApplication->processRequest()
#4 D:\Apps\XAMPP\htdocs\myclinic\index.php(13): CApplication->run()
#5 {main}
REQUEST_URI=/index.php?r=site/contact
HTTP_REFERER=http://localhost:8088/myclinic/
---
2025/03/11 18:02:22 [error] [exception.CHttpException.404] CHttpException: The system is unable to find the requested action "logout". in D:\Apps\XAMPP\htdocs\myclinic\framework\web\CController.php:486
Stack trace:
#0 D:\Apps\XAMPP\htdocs\myclinic\framework\web\CController.php(270): CController->missingAction('logout')
#1 D:\Apps\XAMPP\htdocs\myclinic\framework\web\CWebApplication.php(282): CController->run('logout')
#2 D:\Apps\XAMPP\htdocs\myclinic\framework\web\CWebApplication.php(141): CWebApplication->runController('site/logout')
#3 D:\Apps\XAMPP\htdocs\myclinic\framework\base\CApplication.php(185): CWebApplication->processRequest()
#4 D:\Apps\XAMPP\htdocs\myclinic\index.php(13): CApplication->run()
#5 {main}
REQUEST_URI=/index.php?r=site/logout
HTTP_REFERER=http://localhost:8088/myclinic/
---
2025/03/11 18:05:36 [error] [exception.CHttpException.404] CHttpException: The system is unable to find the requested action "page". in D:\Apps\XAMPP\htdocs\myclinic\framework\web\CController.php:486
Stack trace:
#0 D:\Apps\XAMPP\htdocs\myclinic\framework\web\CController.php(270): CController->missingAction('page')
#1 D:\Apps\XAMPP\htdocs\myclinic\framework\web\CWebApplication.php(282): CController->run('page')
#2 D:\Apps\XAMPP\htdocs\myclinic\framework\web\CWebApplication.php(141): CWebApplication->runController('site/page')
#3 D:\Apps\XAMPP\htdocs\myclinic\framework\base\CApplication.php(185): CWebApplication->processRequest()
#4 D:\Apps\XAMPP\htdocs\myclinic\index.php(13): CApplication->run()
#5 {main}
REQUEST_URI=/index.php?r=site/page&view=about
HTTP_REFERER=http://localhost:8088/myclinic/
---
2025/03/11 18:05:48 [error] [exception.CHttpException.404] CHttpException: The system is unable to find the requested action "contact". in D:\Apps\XAMPP\htdocs\myclinic\framework\web\CController.php:486
Stack trace:
#0 D:\Apps\XAMPP\htdocs\myclinic\framework\web\CController.php(270): CController->missingAction('contact')
#1 D:\Apps\XAMPP\htdocs\myclinic\framework\web\CWebApplication.php(282): CController->run('contact')
#2 D:\Apps\XAMPP\htdocs\myclinic\framework\web\CWebApplication.php(141): CWebApplication->runController('site/contact')
#3 D:\Apps\XAMPP\htdocs\myclinic\framework\base\CApplication.php(185): CWebApplication->processRequest()
#4 D:\Apps\XAMPP\htdocs\myclinic\index.php(13): CApplication->run()
#5 {main}
REQUEST_URI=/index.php?r=site/contact
HTTP_REFERER=http://localhost:8088/myclinic/
---
2025/03/11 18:05:50 [error] [exception.CHttpException.404] CHttpException: The system is unable to find the requested action "logout". in D:\Apps\XAMPP\htdocs\myclinic\framework\web\CController.php:486
Stack trace:
#0 D:\Apps\XAMPP\htdocs\myclinic\framework\web\CController.php(270): CController->missingAction('logout')
#1 D:\Apps\XAMPP\htdocs\myclinic\framework\web\CWebApplication.php(282): CController->run('logout')
#2 D:\Apps\XAMPP\htdocs\myclinic\framework\web\CWebApplication.php(141): CWebApplication->runController('site/logout')
#3 D:\Apps\XAMPP\htdocs\myclinic\framework\base\CApplication.php(185): CWebApplication->processRequest()
#4 D:\Apps\XAMPP\htdocs\myclinic\index.php(13): CApplication->run()
#5 {main}
REQUEST_URI=/index.php?r=site/logout
HTTP_REFERER=http://localhost:8088/myclinic/
---
2025/03/11 18:09:30 [error] [exception.CHttpException.404] CHttpException: The system is unable to find the requested action "page". in D:\Apps\XAMPP\htdocs\myclinic\framework\web\CController.php:486
Stack trace:
#0 D:\Apps\XAMPP\htdocs\myclinic\framework\web\CController.php(270): CController->missingAction('page')
#1 D:\Apps\XAMPP\htdocs\myclinic\framework\web\CWebApplication.php(282): CController->run('page')
#2 D:\Apps\XAMPP\htdocs\myclinic\framework\web\CWebApplication.php(141): CWebApplication->runController('site/page')
#3 D:\Apps\XAMPP\htdocs\myclinic\framework\base\CApplication.php(185): CWebApplication->processRequest()
#4 D:\Apps\XAMPP\htdocs\myclinic\index.php(13): CApplication->run()
#5 {main}
REQUEST_URI=/index.php?r=site/page&view=about
HTTP_REFERER=http://localhost:8088/myclinic/
---
2025/03/11 18:12:55 [error] [exception.CHttpException.404] CHttpException: The system is unable to find the requested action "page". in D:\Apps\XAMPP\htdocs\myclinic\framework\web\CController.php:486
Stack trace:
#0 D:\Apps\XAMPP\htdocs\myclinic\framework\web\CController.php(270): CController->missingAction('page')
#1 D:\Apps\XAMPP\htdocs\myclinic\framework\web\CWebApplication.php(282): CController->run('page')
#2 D:\Apps\XAMPP\htdocs\myclinic\framework\web\CWebApplication.php(141): CWebApplication->runController('site/page')
#3 D:\Apps\XAMPP\htdocs\myclinic\framework\base\CApplication.php(185): CWebApplication->processRequest()
#4 D:\Apps\XAMPP\htdocs\myclinic\index.php(13): CApplication->run()
#5 {main}
REQUEST_URI=/index.php?r=site/page&view=about
HTTP_REFERER=http://localhost:8088/myclinic/
---
2025/03/11 18:27:37 [error] [exception.CHttpException.404] CHttpException: The system is unable to find the requested action "page". in D:\Apps\XAMPP\htdocs\myclinic\framework\web\CController.php:486
Stack trace:
#0 D:\Apps\XAMPP\htdocs\myclinic\framework\web\CController.php(270): CController->missingAction('page')
#1 D:\Apps\XAMPP\htdocs\myclinic\framework\web\CWebApplication.php(282): CController->run('page')
#2 D:\Apps\XAMPP\htdocs\myclinic\framework\web\CWebApplication.php(141): CWebApplication->runController('site/page')
#3 D:\Apps\XAMPP\htdocs\myclinic\framework\base\CApplication.php(185): CWebApplication->processRequest()
#4 D:\Apps\XAMPP\htdocs\myclinic\index.php(13): CApplication->run()
#5 {main}
REQUEST_URI=/index.php?r=site/page&view=about
HTTP_REFERER=http://localhost:8088/myclinic/
---
2025/03/11 18:39:45 [error] [exception.CHttpException.404] CHttpException: The system is unable to find the requested action "page". in D:\Apps\XAMPP\htdocs\myclinic\framework\web\CController.php:486
Stack trace:
#0 D:\Apps\XAMPP\htdocs\myclinic\framework\web\CController.php(270): CController->missingAction('page')
#1 D:\Apps\XAMPP\htdocs\myclinic\framework\web\CWebApplication.php(282): CController->run('page')
#2 D:\Apps\XAMPP\htdocs\myclinic\framework\web\CWebApplication.php(141): CWebApplication->runController('site/page')
#3 D:\Apps\XAMPP\htdocs\myclinic\framework\base\CApplication.php(185): CWebApplication->processRequest()
#4 D:\Apps\XAMPP\htdocs\myclinic\index.php(13): CApplication->run()
#5 {main}
REQUEST_URI=/index.php?r=site/page&view=about
HTTP_REFERER=http://localhost:8088/myclinic/
---
2025/03/11 18:43:52 [error] [exception.CHttpException.404] CHttpException: The system is unable to find the requested action "page". in D:\Apps\XAMPP\htdocs\myclinic\framework\web\CController.php:486
Stack trace:
#0 D:\Apps\XAMPP\htdocs\myclinic\framework\web\CController.php(270): CController->missingAction('page')
#1 D:\Apps\XAMPP\htdocs\myclinic\framework\web\CWebApplication.php(282): CController->run('page')
#2 D:\Apps\XAMPP\htdocs\myclinic\framework\web\CWebApplication.php(141): CWebApplication->runController('site/page')
#3 D:\Apps\XAMPP\htdocs\myclinic\framework\base\CApplication.php(185): CWebApplication->processRequest()
#4 D:\Apps\XAMPP\htdocs\myclinic\index.php(12): CApplication->run()
#5 {main}
REQUEST_URI=/myclinic/index.php?r=site/page&view=about
HTTP_REFERER=http://localhost:8088/myclinic/
---
2025/03/11 18:44:15 [error] [exception.CHttpException.404] CHttpException: The system is unable to find the requested action "page". in D:\Apps\XAMPP\htdocs\myclinic\framework\web\CController.php:486
Stack trace:
#0 D:\Apps\XAMPP\htdocs\myclinic\framework\web\CController.php(270): CController->missingAction('page')
#1 D:\Apps\XAMPP\htdocs\myclinic\framework\web\CWebApplication.php(282): CController->run('page')
#2 D:\Apps\XAMPP\htdocs\myclinic\framework\web\CWebApplication.php(141): CWebApplication->runController('site/page')
#3 D:\Apps\XAMPP\htdocs\myclinic\framework\base\CApplication.php(185): CWebApplication->processRequest()
#4 D:\Apps\XAMPP\htdocs\myclinic\index.php(12): CApplication->run()
#5 {main}
REQUEST_URI=/index.php?r=site/page&view=about
HTTP_REFERER=http://localhost:8088/
---
2025/03/11 19:03:14 [error] [exception.CHttpException.404] CHttpException: The system is unable to find the requested action "pendaftaran". in D:\Apps\XAMPP\htdocs\myclinic\framework\web\CController.php:486
Stack trace:
#0 D:\Apps\XAMPP\htdocs\myclinic\framework\web\CController.php(270): CController->missingAction('pendaftaran')
#1 D:\Apps\XAMPP\htdocs\myclinic\framework\web\CWebApplication.php(282): CController->run('pendaftaran')
#2 D:\Apps\XAMPP\htdocs\myclinic\framework\web\CWebApplication.php(141): CWebApplication->runController('site/pendaftara...')
#3 D:\Apps\XAMPP\htdocs\myclinic\framework\base\CApplication.php(185): CWebApplication->processRequest()
#4 D:\Apps\XAMPP\htdocs\myclinic\index.php(12): CApplication->run()
#5 {main}
REQUEST_URI=/index.php?r=site/pendaftaran
HTTP_REFERER=http://localhost:8088/index.php?r=site/index
---
2025/03/11 19:03:29 [error] [exception.CHttpException.404] CHttpException: The system is unable to find the requested action "tindakan". in D:\Apps\XAMPP\htdocs\myclinic\framework\web\CController.php:486
Stack trace:
#0 D:\Apps\XAMPP\htdocs\myclinic\framework\web\CController.php(270): CController->missingAction('tindakan')
#1 D:\Apps\XAMPP\htdocs\myclinic\framework\web\CWebApplication.php(282): CController->run('tindakan')
#2 D:\Apps\XAMPP\htdocs\myclinic\framework\web\CWebApplication.php(141): CWebApplication->runController('site/tindakan')
#3 D:\Apps\XAMPP\htdocs\myclinic\framework\base\CApplication.php(185): CWebApplication->processRequest()
#4 D:\Apps\XAMPP\htdocs\myclinic\index.php(12): CApplication->run()
#5 {main}
REQUEST_URI=/index.php?r=site/tindakan
HTTP_REFERER=http://localhost:8088/index.php?r=site/index
---
2025/03/11 19:04:10 [error] [exception.CHttpException.404] CHttpException: The system is unable to find the requested action "tindakan". in D:\Apps\XAMPP\htdocs\myclinic\framework\web\CController.php:486
Stack trace:
#0 D:\Apps\XAMPP\htdocs\myclinic\framework\web\CController.php(270): CController->missingAction('tindakan')
#1 D:\Apps\XAMPP\htdocs\myclinic\framework\web\CWebApplication.php(282): CController->run('tindakan')
#2 D:\Apps\XAMPP\htdocs\myclinic\framework\web\CWebApplication.php(141): CWebApplication->runController('site/tindakan')
#3 D:\Apps\XAMPP\htdocs\myclinic\framework\base\CApplication.php(185): CWebApplication->processRequest()
#4 D:\Apps\XAMPP\htdocs\myclinic\index.php(12): CApplication->run()
#5 {main}
REQUEST_URI=/index.php?r=site/tindakan
HTTP_REFERER=http://localhost:8088/index.php?r=site/index
---
2025/03/11 19:04:48 [error] [exception.CHttpException.404] CHttpException: The system is unable to find the requested action "tindakan". in D:\Apps\XAMPP\htdocs\myclinic\framework\web\CController.php:486
Stack trace:
#0 D:\Apps\XAMPP\htdocs\myclinic\framework\web\CController.php(270): CController->missingAction('tindakan')
#1 D:\Apps\XAMPP\htdocs\myclinic\framework\web\CWebApplication.php(282): CController->run('tindakan')
#2 D:\Apps\XAMPP\htdocs\myclinic\framework\web\CWebApplication.php(141): CWebApplication->runController('site/tindakan')
#3 D:\Apps\XAMPP\htdocs\myclinic\framework\base\CApplication.php(185): CWebApplication->processRequest()
#4 D:\Apps\XAMPP\htdocs\myclinic\index.php(12): CApplication->run()
#5 {main}
REQUEST_URI=/index.php?r=site/tindakan
HTTP_REFERER=http://localhost:8088/index.php?r=site/index
---
2025/03/11 19:08:31 [error] [exception.CDbException] CDbException: CDbConnection failed to open the DB connection: could not find driver in D:\Apps\XAMPP\htdocs\myclinic\framework\db\CDbConnection.php:399
Stack trace:
#0 D:\Apps\XAMPP\htdocs\myclinic\framework\db\CDbConnection.php(347): CDbConnection->open()
#1 D:\Apps\XAMPP\htdocs\myclinic\framework\db\CDbConnection.php(325): CDbConnection->setActive(true)
#2 D:\Apps\XAMPP\htdocs\myclinic\framework\base\CModule.php(394): CDbConnection->init()
#3 D:\Apps\XAMPP\htdocs\myclinic\framework\base\CApplication.php(459): CModule->getComponent('db')
#4 D:\Apps\XAMPP\htdocs\myclinic\framework\db\ar\CActiveRecord.php(639): CApplication->getDb()
#5 D:\Apps\XAMPP\htdocs\myclinic\framework\db\ar\CActiveRecord.php(672): CActiveRecord->getDbConnection()
#6 D:\Apps\XAMPP\htdocs\myclinic\framework\db\ar\CActiveRecord.php(1604): CActiveRecord->getCommandBuilder()
#7 D:\Apps\XAMPP\htdocs\myclinic\framework\web\CActiveDataProvider.php(228): CActiveRecord->count(Object(CDbCriteria))
#8 D:\Apps\XAMPP\htdocs\myclinic\framework\web\CDataProvider.php(224): CActiveDataProvider->calculateTotalItemCount()
#9 D:\Apps\XAMPP\htdocs\myclinic\framework\web\CActiveDataProvider.php(178): CDataProvider->getTotalItemCount()
#10 D:\Apps\XAMPP\htdocs\myclinic\framework\web\CDataProvider.php(168): CActiveDataProvider->fetchData()
#11 D:\Apps\XAMPP\htdocs\myclinic\framework\zii\widgets\CBaseListView.php(125): CDataProvider->getData()
#12 D:\Apps\XAMPP\htdocs\myclinic\framework\zii\widgets\CListView.php(211): CBaseListView->init()
#13 D:\Apps\XAMPP\htdocs\myclinic\framework\web\CBaseController.php(147): CListView->init()
#14 D:\Apps\XAMPP\htdocs\myclinic\framework\web\CBaseController.php(181): CBaseController->createWidget('zii.widgets.CLi...', Array)
#15 D:\Apps\XAMPP\htdocs\myclinic\protected\views\pegawai\index.php(5): CBaseController->widget('zii.widgets.CLi...', Array)
#16 D:\Apps\XAMPP\htdocs\myclinic\framework\web\CBaseController.php(126): require('D:\\Apps\\XAMPP\\h...')
#17 D:\Apps\XAMPP\htdocs\myclinic\framework\web\CBaseController.php(95): CBaseController->renderInternal('D:\\Apps\\XAMPP\\h...', Array, true)
#18 D:\Apps\XAMPP\htdocs\myclinic\framework\web\CController.php(872): CBaseController->renderFile('D:\\Apps\\XAMPP\\h...', Array, true)
#19 D:\Apps\XAMPP\htdocs\myclinic\framework\web\CController.php(785): CController->renderPartial('index', Array, true)
#20 D:\Apps\XAMPP\htdocs\myclinic\protected\controllers\PegawaiController.php(5): CController->render('index', Array)
#21 D:\Apps\XAMPP\htdocs\myclinic\framework\web\actions\CInlineAction.php(49): PegawaiController->actionIndex()
#22 D:\Apps\XAMPP\htdocs\myclinic\framework\web\CController.php(308): CInlineAction->runWithParams(Array)
#23 D:\Apps\XAMPP\htdocs\myclinic\framework\web\CController.php(286): CController->runAction(Object(CInlineAction))
#24 D:\Apps\XAMPP\htdocs\myclinic\framework\web\CController.php(265): CController->runActionWithFilters(Object(CInlineAction), Array)
#25 D:\Apps\XAMPP\htdocs\myclinic\framework\web\CWebApplication.php(282): CController->run('index')
#26 D:\Apps\XAMPP\htdocs\myclinic\framework\web\CWebApplication.php(141): CWebApplication->runController('pegawai/index')
#27 D:\Apps\XAMPP\htdocs\myclinic\framework\base\CApplication.php(185): CWebApplication->processRequest()
#28 D:\Apps\XAMPP\htdocs\myclinic\index.php(12): CApplication->run()
#29 {main}
REQUEST_URI=/index.php?r=pegawai/index
HTTP_REFERER=http://localhost:8088/index.php?r=site/index
---
2025/03/11 19:08:34 [error] [exception.CDbException] CDbException: CDbConnection failed to open the DB connection: could not find driver in D:\Apps\XAMPP\htdocs\myclinic\framework\db\CDbConnection.php:399
Stack trace:
#0 D:\Apps\XAMPP\htdocs\myclinic\framework\db\CDbConnection.php(347): CDbConnection->open()
#1 D:\Apps\XAMPP\htdocs\myclinic\framework\db\CDbConnection.php(325): CDbConnection->setActive(true)
#2 D:\Apps\XAMPP\htdocs\myclinic\framework\base\CModule.php(394): CDbConnection->init()
#3 D:\Apps\XAMPP\htdocs\myclinic\framework\base\CApplication.php(459): CModule->getComponent('db')
#4 D:\Apps\XAMPP\htdocs\myclinic\framework\db\ar\CActiveRecord.php(639): CApplication->getDb()
#5 D:\Apps\XAMPP\htdocs\myclinic\framework\db\ar\CActiveRecord.php(672): CActiveRecord->getDbConnection()
#6 D:\Apps\XAMPP\htdocs\myclinic\framework\db\ar\CActiveRecord.php(1604): CActiveRecord->getCommandBuilder()
#7 D:\Apps\XAMPP\htdocs\myclinic\framework\web\CActiveDataProvider.php(228): CActiveRecord->count(Object(CDbCriteria))
#8 D:\Apps\XAMPP\htdocs\myclinic\framework\web\CDataProvider.php(224): CActiveDataProvider->calculateTotalItemCount()
#9 D:\Apps\XAMPP\htdocs\myclinic\framework\web\CActiveDataProvider.php(178): CDataProvider->getTotalItemCount()
#10 D:\Apps\XAMPP\htdocs\myclinic\framework\web\CDataProvider.php(168): CActiveDataProvider->fetchData()
#11 D:\Apps\XAMPP\htdocs\myclinic\framework\zii\widgets\CBaseListView.php(125): CDataProvider->getData()
#12 D:\Apps\XAMPP\htdocs\myclinic\framework\zii\widgets\CListView.php(211): CBaseListView->init()
#13 D:\Apps\XAMPP\htdocs\myclinic\framework\web\CBaseController.php(147): CListView->init()
#14 D:\Apps\XAMPP\htdocs\myclinic\framework\web\CBaseController.php(181): CBaseController->createWidget('zii.widgets.CLi...', Array)
#15 D:\Apps\XAMPP\htdocs\myclinic\protected\views\tindakan\index.php(5): CBaseController->widget('zii.widgets.CLi...', Array)
#16 D:\Apps\XAMPP\htdocs\myclinic\framework\web\CBaseController.php(126): require('D:\\Apps\\XAMPP\\h...')
#17 D:\Apps\XAMPP\htdocs\myclinic\framework\web\CBaseController.php(95): CBaseController->renderInternal('D:\\Apps\\XAMPP\\h...', Array, true)
#18 D:\Apps\XAMPP\htdocs\myclinic\framework\web\CController.php(872): CBaseController->renderFile('D:\\Apps\\XAMPP\\h...', Array, true)
#19 D:\Apps\XAMPP\htdocs\myclinic\framework\web\CController.php(785): CController->renderPartial('index', Array, true)
#20 D:\Apps\XAMPP\htdocs\myclinic\protected\controllers\TindakanController.php(5): CController->render('index', Array)
#21 D:\Apps\XAMPP\htdocs\myclinic\framework\web\actions\CInlineAction.php(49): TindakanController->actionIndex()
#22 D:\Apps\XAMPP\htdocs\myclinic\framework\web\CController.php(308): CInlineAction->runWithParams(Array)
#23 D:\Apps\XAMPP\htdocs\myclinic\framework\web\CController.php(286): CController->runAction(Object(CInlineAction))
#24 D:\Apps\XAMPP\htdocs\myclinic\framework\web\CController.php(265): CController->runActionWithFilters(Object(CInlineAction), Array)
#25 D:\Apps\XAMPP\htdocs\myclinic\framework\web\CWebApplication.php(282): CController->run('index')
#26 D:\Apps\XAMPP\htdocs\myclinic\framework\web\CWebApplication.php(141): CWebApplication->runController('tindakan/index')
#27 D:\Apps\XAMPP\htdocs\myclinic\framework\base\CApplication.php(185): CWebApplication->processRequest()
#28 D:\Apps\XAMPP\htdocs\myclinic\index.php(12): CApplication->run()
#29 {main}
REQUEST_URI=/index.php?r=tindakan/index
HTTP_REFERER=http://localhost:8088/index.php?r=site/index
---
2025/03/11 19:08:47 [error] [exception.CHttpException.404] CHttpException: The system is unable to find the requested action "index.php". in D:\Apps\XAMPP\htdocs\myclinic\framework\web\CController.php:486
Stack trace:
#0 D:\Apps\XAMPP\htdocs\myclinic\framework\web\CController.php(270): CController->missingAction('index.php')
#1 D:\Apps\XAMPP\htdocs\myclinic\framework\web\CWebApplication.php(282): CController->run('index.php')
#2 D:\Apps\XAMPP\htdocs\myclinic\framework\web\CWebApplication.php(141): CWebApplication->runController('pegawai/index.p...')
#3 D:\Apps\XAMPP\htdocs\myclinic\framework\base\CApplication.php(185): CWebApplication->processRequest()
#4 D:\Apps\XAMPP\htdocs\myclinic\index.php(12): CApplication->run()
#5 {main}
REQUEST_URI=/index.php?r=pegawai/index.php
HTTP_REFERER=http://localhost:8088/index.php?r=site/index
---
2025/03/11 19:11:10 [error] [exception.CHttpException.404] CHttpException: The system is unable to find the requested action "index.php". in D:\Apps\XAMPP\htdocs\myclinic\framework\web\CController.php:486
Stack trace:
#0 D:\Apps\XAMPP\htdocs\myclinic\framework\web\CController.php(270): CController->missingAction('index.php')
#1 D:\Apps\XAMPP\htdocs\myclinic\framework\web\CWebApplication.php(282): CController->run('index.php')
#2 D:\Apps\XAMPP\htdocs\myclinic\framework\web\CWebApplication.php(141): CWebApplication->runController('pegawai/index.p...')
#3 D:\Apps\XAMPP\htdocs\myclinic\framework\base\CApplication.php(185): CWebApplication->processRequest()
#4 D:\Apps\XAMPP\htdocs\myclinic\index.php(12): CApplication->run()
#5 {main}
REQUEST_URI=/index.php?r=pegawai/index.php
HTTP_REFERER=http://localhost:8088/index.php?r=site/index
---
2025/03/11 19:11:27 [error] [exception.CHttpException.404] CHttpException: The system is unable to find the requested action "index.php". in D:\Apps\XAMPP\htdocs\myclinic\framework\web\CController.php:486
Stack trace:
#0 D:\Apps\XAMPP\htdocs\myclinic\framework\web\CController.php(270): CController->missingAction('index.php')
#1 D:\Apps\XAMPP\htdocs\myclinic\framework\web\CWebApplication.php(282): CController->run('index.php')
#2 D:\Apps\XAMPP\htdocs\myclinic\framework\web\CWebApplication.php(141): CWebApplication->runController('pegawai/index.p...')
#3 D:\Apps\XAMPP\htdocs\myclinic\framework\base\CApplication.php(185): CWebApplication->processRequest()
#4 D:\Apps\XAMPP\htdocs\myclinic\index.php(12): CApplication->run()
#5 {main}
REQUEST_URI=/index.php?r=pegawai/index.php
HTTP_REFERER=http://localhost:8088/index.php?r=site/index
---
2025/03/11 19:11:29 [error] [exception.CDbException] CDbException: CDbConnection failed to open the DB connection: could not find driver in D:\Apps\XAMPP\htdocs\myclinic\framework\db\CDbConnection.php:399
Stack trace:
#0 D:\Apps\XAMPP\htdocs\myclinic\framework\db\CDbConnection.php(347): CDbConnection->open()
#1 D:\Apps\XAMPP\htdocs\myclinic\framework\db\CDbConnection.php(325): CDbConnection->setActive(true)
#2 D:\Apps\XAMPP\htdocs\myclinic\framework\base\CModule.php(394): CDbConnection->init()
#3 D:\Apps\XAMPP\htdocs\myclinic\framework\base\CApplication.php(459): CModule->getComponent('db')
#4 D:\Apps\XAMPP\htdocs\myclinic\framework\db\ar\CActiveRecord.php(639): CApplication->getDb()
#5 D:\Apps\XAMPP\htdocs\myclinic\framework\db\ar\CActiveRecord.php(672): CActiveRecord->getDbConnection()
#6 D:\Apps\XAMPP\htdocs\myclinic\framework\db\ar\CActiveRecord.php(1604): CActiveRecord->getCommandBuilder()
#7 D:\Apps\XAMPP\htdocs\myclinic\framework\web\CActiveDataProvider.php(228): CActiveRecord->count(Object(CDbCriteria))
#8 D:\Apps\XAMPP\htdocs\myclinic\framework\web\CDataProvider.php(224): CActiveDataProvider->calculateTotalItemCount()
#9 D:\Apps\XAMPP\htdocs\myclinic\framework\web\CActiveDataProvider.php(178): CDataProvider->getTotalItemCount()
#10 D:\Apps\XAMPP\htdocs\myclinic\framework\web\CDataProvider.php(168): CActiveDataProvider->fetchData()
#11 D:\Apps\XAMPP\htdocs\myclinic\framework\zii\widgets\CBaseListView.php(125): CDataProvider->getData()
#12 D:\Apps\XAMPP\htdocs\myclinic\framework\zii\widgets\CListView.php(211): CBaseListView->init()
#13 D:\Apps\XAMPP\htdocs\myclinic\framework\web\CBaseController.php(147): CListView->init()
#14 D:\Apps\XAMPP\htdocs\myclinic\framework\web\CBaseController.php(181): CBaseController->createWidget('zii.widgets.CLi...', Array)
#15 D:\Apps\XAMPP\htdocs\myclinic\protected\views\obat\index.php(5): CBaseController->widget('zii.widgets.CLi...', Array)
#16 D:\Apps\XAMPP\htdocs\myclinic\framework\web\CBaseController.php(126): require('D:\\Apps\\XAMPP\\h...')
#17 D:\Apps\XAMPP\htdocs\myclinic\framework\web\CBaseController.php(95): CBaseController->renderInternal('D:\\Apps\\XAMPP\\h...', Array, true)
#18 D:\Apps\XAMPP\htdocs\myclinic\framework\web\CController.php(872): CBaseController->renderFile('D:\\Apps\\XAMPP\\h...', Array, true)
#19 D:\Apps\XAMPP\htdocs\myclinic\framework\web\CController.php(785): CController->renderPartial('index', Array, true)
#20 D:\Apps\XAMPP\htdocs\myclinic\protected\controllers\ObatController.php(5): CController->render('index', Array)
#21 D:\Apps\XAMPP\htdocs\myclinic\framework\web\actions\CInlineAction.php(49): ObatController->actionIndex()
#22 D:\Apps\XAMPP\htdocs\myclinic\framework\web\CController.php(308): CInlineAction->runWithParams(Array)
#23 D:\Apps\XAMPP\htdocs\myclinic\framework\web\CController.php(286): CController->runAction(Object(CInlineAction))
#24 D:\Apps\XAMPP\htdocs\myclinic\framework\web\CController.php(265): CController->runActionWithFilters(Object(CInlineAction), Array)
#25 D:\Apps\XAMPP\htdocs\myclinic\framework\web\CWebApplication.php(282): CController->run('index')
#26 D:\Apps\XAMPP\htdocs\myclinic\framework\web\CWebApplication.php(141): CWebApplication->runController('obat/index')
#27 D:\Apps\XAMPP\htdocs\myclinic\framework\base\CApplication.php(185): CWebApplication->processRequest()
#28 D:\Apps\XAMPP\htdocs\myclinic\index.php(12): CApplication->run()
#29 {main}
REQUEST_URI=/index.php?r=obat/index
HTTP_REFERER=http://localhost:8088/index.php?r=site/index
---
2025/03/11 19:11:31 [error] [exception.CHttpException.404] CHttpException: The system is unable to find the requested action "index.php". in D:\Apps\XAMPP\htdocs\myclinic\framework\web\CController.php:486
Stack trace:
#0 D:\Apps\XAMPP\htdocs\myclinic\framework\web\CController.php(270): CController->missingAction('index.php')
#1 D:\Apps\XAMPP\htdocs\myclinic\framework\web\CWebApplication.php(282): CController->run('index.php')
#2 D:\Apps\XAMPP\htdocs\myclinic\framework\web\CWebApplication.php(141): CWebApplication->runController('pegawai/index.p...')
#3 D:\Apps\XAMPP\htdocs\myclinic\framework\base\CApplication.php(185): CWebApplication->processRequest()
#4 D:\Apps\XAMPP\htdocs\myclinic\index.php(12): CApplication->run()
#5 {main}
REQUEST_URI=/index.php?r=pegawai/index.php
HTTP_REFERER=http://localhost:8088/index.php?r=site/index
---
2025/03/11 19:11:33 [error] [exception.CDbException] CDbException: CDbConnection failed to open the DB connection: could not find driver in D:\Apps\XAMPP\htdocs\myclinic\framework\db\CDbConnection.php:399
Stack trace:
#0 D:\Apps\XAMPP\htdocs\myclinic\framework\db\CDbConnection.php(347): CDbConnection->open()
#1 D:\Apps\XAMPP\htdocs\myclinic\framework\db\CDbConnection.php(325): CDbConnection->setActive(true)
#2 D:\Apps\XAMPP\htdocs\myclinic\framework\base\CModule.php(394): CDbConnection->init()
#3 D:\Apps\XAMPP\htdocs\myclinic\framework\base\CApplication.php(459): CModule->getComponent('db')
#4 D:\Apps\XAMPP\htdocs\myclinic\framework\db\ar\CActiveRecord.php(639): CApplication->getDb()
#5 D:\Apps\XAMPP\htdocs\myclinic\framework\db\ar\CActiveRecord.php(672): CActiveRecord->getDbConnection()
#6 D:\Apps\XAMPP\htdocs\myclinic\framework\db\ar\CActiveRecord.php(1604): CActiveRecord->getCommandBuilder()
#7 D:\Apps\XAMPP\htdocs\myclinic\framework\web\CActiveDataProvider.php(228): CActiveRecord->count(Object(CDbCriteria))
#8 D:\Apps\XAMPP\htdocs\myclinic\framework\web\CDataProvider.php(224): CActiveDataProvider->calculateTotalItemCount()
#9 D:\Apps\XAMPP\htdocs\myclinic\framework\web\CActiveDataProvider.php(178): CDataProvider->getTotalItemCount()
#10 D:\Apps\XAMPP\htdocs\myclinic\framework\web\CDataProvider.php(168): CActiveDataProvider->fetchData()
#11 D:\Apps\XAMPP\htdocs\myclinic\framework\zii\widgets\CBaseListView.php(125): CDataProvider->getData()
#12 D:\Apps\XAMPP\htdocs\myclinic\framework\zii\widgets\CListView.php(211): CBaseListView->init()
#13 D:\Apps\XAMPP\htdocs\myclinic\framework\web\CBaseController.php(147): CListView->init()
#14 D:\Apps\XAMPP\htdocs\myclinic\framework\web\CBaseController.php(181): CBaseController->createWidget('zii.widgets.CLi...', Array)
#15 D:\Apps\XAMPP\htdocs\myclinic\protected\views\pegawai\index.php(5): CBaseController->widget('zii.widgets.CLi...', Array)
#16 D:\Apps\XAMPP\htdocs\myclinic\framework\web\CBaseController.php(126): require('D:\\Apps\\XAMPP\\h...')
#17 D:\Apps\XAMPP\htdocs\myclinic\framework\web\CBaseController.php(95): CBaseController->renderInternal('D:\\Apps\\XAMPP\\h...', Array, true)
#18 D:\Apps\XAMPP\htdocs\myclinic\framework\web\CController.php(872): CBaseController->renderFile('D:\\Apps\\XAMPP\\h...', Array, true)
#19 D:\Apps\XAMPP\htdocs\myclinic\framework\web\CController.php(785): CController->renderPartial('index', Array, true)
#20 D:\Apps\XAMPP\htdocs\myclinic\protected\controllers\PegawaiController.php(5): CController->render('index', Array)
#21 D:\Apps\XAMPP\htdocs\myclinic\framework\web\actions\CInlineAction.php(49): PegawaiController->actionIndex()
#22 D:\Apps\XAMPP\htdocs\myclinic\framework\web\CController.php(308): CInlineAction->runWithParams(Array)
#23 D:\Apps\XAMPP\htdocs\myclinic\framework\web\CController.php(286): CController->runAction(Object(CInlineAction))
#24 D:\Apps\XAMPP\htdocs\myclinic\framework\web\CController.php(265): CController->runActionWithFilters(Object(CInlineAction), Array)
#25 D:\Apps\XAMPP\htdocs\myclinic\framework\web\CWebApplication.php(282): CController->run('index')
#26 D:\Apps\XAMPP\htdocs\myclinic\framework\web\CWebApplication.php(141): CWebApplication->runController('pegawai/index')
#27 D:\Apps\XAMPP\htdocs\myclinic\framework\base\CApplication.php(185): CWebApplication->processRequest()
#28 D:\Apps\XAMPP\htdocs\myclinic\index.php(12): CApplication->run()
#29 {main}
REQUEST_URI=/index.php?r=pegawai/index
HTTP_REFERER=http://localhost:8088/index.php?r=site/index
---
2025/03/11 19:13:58 [error] [exception.CDbException] CDbException: CDbConnection failed to open the DB connection: could not find driver in D:\Apps\XAMPP\htdocs\myclinic\framework\db\CDbConnection.php:399
Stack trace:
#0 D:\Apps\XAMPP\htdocs\myclinic\framework\db\CDbConnection.php(347): CDbConnection->open()
#1 D:\Apps\XAMPP\htdocs\myclinic\framework\db\CDbConnection.php(325): CDbConnection->setActive(true)
#2 D:\Apps\XAMPP\htdocs\myclinic\framework\base\CModule.php(394): CDbConnection->init()
#3 D:\Apps\XAMPP\htdocs\myclinic\framework\base\CApplication.php(459): CModule->getComponent('db')
#4 D:\Apps\XAMPP\htdocs\myclinic\framework\db\ar\CActiveRecord.php(639): CApplication->getDb()
#5 D:\Apps\XAMPP\htdocs\myclinic\framework\db\ar\CActiveRecord.php(672): CActiveRecord->getDbConnection()
#6 D:\Apps\XAMPP\htdocs\myclinic\framework\db\ar\CActiveRecord.php(1604): CActiveRecord->getCommandBuilder()
#7 D:\Apps\XAMPP\htdocs\myclinic\framework\web\CActiveDataProvider.php(228): CActiveRecord->count(Object(CDbCriteria))
#8 D:\Apps\XAMPP\htdocs\myclinic\framework\web\CDataProvider.php(224): CActiveDataProvider->calculateTotalItemCount()
#9 D:\Apps\XAMPP\htdocs\myclinic\framework\web\CActiveDataProvider.php(178): CDataProvider->getTotalItemCount()
#10 D:\Apps\XAMPP\htdocs\myclinic\framework\web\CDataProvider.php(168): CActiveDataProvider->fetchData()
#11 D:\Apps\XAMPP\htdocs\myclinic\framework\zii\widgets\CBaseListView.php(125): CDataProvider->getData()
#12 D:\Apps\XAMPP\htdocs\myclinic\framework\zii\widgets\CListView.php(211): CBaseListView->init()
#13 D:\Apps\XAMPP\htdocs\myclinic\framework\web\CBaseController.php(147): CListView->init()
#14 D:\Apps\XAMPP\htdocs\myclinic\framework\web\CBaseController.php(181): CBaseController->createWidget('zii.widgets.CLi...', Array)
#15 D:\Apps\XAMPP\htdocs\myclinic\protected\views\pegawai\index.php(5): CBaseController->widget('zii.widgets.CLi...', Array)
#16 D:\Apps\XAMPP\htdocs\myclinic\framework\web\CBaseController.php(126): require('D:\\Apps\\XAMPP\\h...')
#17 D:\Apps\XAMPP\htdocs\myclinic\framework\web\CBaseController.php(95): CBaseController->renderInternal('D:\\Apps\\XAMPP\\h...', Array, true)
#18 D:\Apps\XAMPP\htdocs\myclinic\framework\web\CController.php(872): CBaseController->renderFile('D:\\Apps\\XAMPP\\h...', Array, true)
#19 D:\Apps\XAMPP\htdocs\myclinic\framework\web\CController.php(785): CController->renderPartial('index', Array, true)
#20 D:\Apps\XAMPP\htdocs\myclinic\protected\controllers\PegawaiController.php(5): CController->render('index', Array)
#21 D:\Apps\XAMPP\htdocs\myclinic\framework\web\actions\CInlineAction.php(49): PegawaiController->actionIndex()
#22 D:\Apps\XAMPP\htdocs\myclinic\framework\web\CController.php(308): CInlineAction->runWithParams(Array)
#23 D:\Apps\XAMPP\htdocs\myclinic\framework\web\CController.php(286): CController->runAction(Object(CInlineAction))
#24 D:\Apps\XAMPP\htdocs\myclinic\framework\web\CController.php(265): CController->runActionWithFilters(Object(CInlineAction), Array)
#25 D:\Apps\XAMPP\htdocs\myclinic\framework\web\CWebApplication.php(282): CController->run('index')
#26 D:\Apps\XAMPP\htdocs\myclinic\framework\web\CWebApplication.php(141): CWebApplication->runController('pegawai/index')
#27 D:\Apps\XAMPP\htdocs\myclinic\framework\base\CApplication.php(185): CWebApplication->processRequest()
#28 D:\Apps\XAMPP\htdocs\myclinic\index.php(12): CApplication->run()
#29 {main}
REQUEST_URI=/index.php?r=pegawai/index
HTTP_REFERER=http://localhost:8088/index.php?r=site/index
---
2025/03/11 19:19:22 [error] [exception.CDbException] CDbException: CDbConnection failed to open the DB connection: could not find driver in D:\Apps\XAMPP\htdocs\myclinic\framework\db\CDbConnection.php:399
Stack trace:
#0 D:\Apps\XAMPP\htdocs\myclinic\framework\db\CDbConnection.php(347): CDbConnection->open()
#1 D:\Apps\XAMPP\htdocs\myclinic\framework\db\CDbConnection.php(325): CDbConnection->setActive(true)
#2 D:\Apps\XAMPP\htdocs\myclinic\framework\base\CModule.php(394): CDbConnection->init()
#3 D:\Apps\XAMPP\htdocs\myclinic\framework\base\CApplication.php(459): CModule->getComponent('db')
#4 D:\Apps\XAMPP\htdocs\myclinic\framework\db\ar\CActiveRecord.php(639): CApplication->getDb()
#5 D:\Apps\XAMPP\htdocs\myclinic\framework\db\ar\CActiveRecord.php(672): CActiveRecord->getDbConnection()
#6 D:\Apps\XAMPP\htdocs\myclinic\framework\db\ar\CActiveRecord.php(1604): CActiveRecord->getCommandBuilder()
#7 D:\Apps\XAMPP\htdocs\myclinic\framework\web\CActiveDataProvider.php(228): CActiveRecord->count(Object(CDbCriteria))
#8 D:\Apps\XAMPP\htdocs\myclinic\framework\web\CDataProvider.php(224): CActiveDataProvider->calculateTotalItemCount()
#9 D:\Apps\XAMPP\htdocs\myclinic\framework\web\CActiveDataProvider.php(178): CDataProvider->getTotalItemCount()
#10 D:\Apps\XAMPP\htdocs\myclinic\framework\web\CDataProvider.php(168): CActiveDataProvider->fetchData()
#11 D:\Apps\XAMPP\htdocs\myclinic\framework\zii\widgets\CBaseListView.php(125): CDataProvider->getData()
#12 D:\Apps\XAMPP\htdocs\myclinic\framework\zii\widgets\CListView.php(211): CBaseListView->init()
#13 D:\Apps\XAMPP\htdocs\myclinic\framework\web\CBaseController.php(147): CListView->init()
#14 D:\Apps\XAMPP\htdocs\myclinic\framework\web\CBaseController.php(181): CBaseController->createWidget('zii.widgets.CLi...', Array)
#15 D:\Apps\XAMPP\htdocs\myclinic\protected\views\pegawai\index.php(5): CBaseController->widget('zii.widgets.CLi...', Array)
#16 D:\Apps\XAMPP\htdocs\myclinic\framework\web\CBaseController.php(126): require('D:\\Apps\\XAMPP\\h...')
#17 D:\Apps\XAMPP\htdocs\myclinic\framework\web\CBaseController.php(95): CBaseController->renderInternal('D:\\Apps\\XAMPP\\h...', Array, true)
#18 D:\Apps\XAMPP\htdocs\myclinic\framework\web\CController.php(872): CBaseController->renderFile('D:\\Apps\\XAMPP\\h...', Array, true)
#19 D:\Apps\XAMPP\htdocs\myclinic\framework\web\CController.php(785): CController->renderPartial('index', Array, true)
#20 D:\Apps\XAMPP\htdocs\myclinic\protected\controllers\PegawaiController.php(5): CController->render('index', Array)
#21 D:\Apps\XAMPP\htdocs\myclinic\framework\web\actions\CInlineAction.php(49): PegawaiController->actionIndex()
#22 D:\Apps\XAMPP\htdocs\myclinic\framework\web\CController.php(308): CInlineAction->runWithParams(Array)
#23 D:\Apps\XAMPP\htdocs\myclinic\framework\web\CController.php(286): CController->runAction(Object(CInlineAction))
#24 D:\Apps\XAMPP\htdocs\myclinic\framework\web\CController.php(265): CController->runActionWithFilters(Object(CInlineAction), Array)
#25 D:\Apps\XAMPP\htdocs\myclinic\framework\web\CWebApplication.php(282): CController->run('index')
#26 D:\Apps\XAMPP\htdocs\myclinic\framework\web\CWebApplication.php(141): CWebApplication->runController('pegawai/index')
#27 D:\Apps\XAMPP\htdocs\myclinic\framework\base\CApplication.php(185): CWebApplication->processRequest()
#28 D:\Apps\XAMPP\htdocs\myclinic\index.php(12): CApplication->run()
#29 {main}
REQUEST_URI=/index.php?r=pegawai/index
HTTP_REFERER=http://localhost:8088/index.php?r=site/index
---
2025/03/11 19:22:14 [error] [exception.CDbException] CDbException: CDbConnection failed to open the DB connection: could not find driver in D:\Apps\XAMPP\htdocs\myclinic\framework\db\CDbConnection.php:399
Stack trace:
#0 D:\Apps\XAMPP\htdocs\myclinic\framework\db\CDbConnection.php(347): CDbConnection->open()
#1 D:\Apps\XAMPP\htdocs\myclinic\framework\db\CDbConnection.php(325): CDbConnection->setActive(true)
#2 D:\Apps\XAMPP\htdocs\myclinic\framework\base\CModule.php(394): CDbConnection->init()
#3 D:\Apps\XAMPP\htdocs\myclinic\framework\base\CApplication.php(459): CModule->getComponent('db')
#4 D:\Apps\XAMPP\htdocs\myclinic\framework\db\ar\CActiveRecord.php(639): CApplication->getDb()
#5 D:\Apps\XAMPP\htdocs\myclinic\framework\db\ar\CActiveRecord.php(672): CActiveRecord->getDbConnection()
#6 D:\Apps\XAMPP\htdocs\myclinic\framework\db\ar\CActiveRecord.php(1604): CActiveRecord->getCommandBuilder()
#7 D:\Apps\XAMPP\htdocs\myclinic\framework\web\CActiveDataProvider.php(228): CActiveRecord->count(Object(CDbCriteria))
#8 D:\Apps\XAMPP\htdocs\myclinic\framework\web\CDataProvider.php(224): CActiveDataProvider->calculateTotalItemCount()
#9 D:\Apps\XAMPP\htdocs\myclinic\framework\web\CActiveDataProvider.php(178): CDataProvider->getTotalItemCount()
#10 D:\Apps\XAMPP\htdocs\myclinic\framework\web\CDataProvider.php(168): CActiveDataProvider->fetchData()
#11 D:\Apps\XAMPP\htdocs\myclinic\framework\zii\widgets\CBaseListView.php(125): CDataProvider->getData()
#12 D:\Apps\XAMPP\htdocs\myclinic\framework\zii\widgets\CListView.php(211): CBaseListView->init()
#13 D:\Apps\XAMPP\htdocs\myclinic\framework\web\CBaseController.php(147): CListView->init()
#14 D:\Apps\XAMPP\htdocs\myclinic\framework\web\CBaseController.php(181): CBaseController->createWidget('zii.widgets.CLi...', Array)
#15 D:\Apps\XAMPP\htdocs\myclinic\protected\views\pegawai\index.php(5): CBaseController->widget('zii.widgets.CLi...', Array)
#16 D:\Apps\XAMPP\htdocs\myclinic\framework\web\CBaseController.php(126): require('D:\\Apps\\XAMPP\\h...')
#17 D:\Apps\XAMPP\htdocs\myclinic\framework\web\CBaseController.php(95): CBaseController->renderInternal('D:\\Apps\\XAMPP\\h...', Array, true)
#18 D:\Apps\XAMPP\htdocs\myclinic\framework\web\CController.php(872): CBaseController->renderFile('D:\\Apps\\XAMPP\\h...', Array, true)
#19 D:\Apps\XAMPP\htdocs\myclinic\framework\web\CController.php(785): CController->renderPartial('index', Array, true)
#20 D:\Apps\XAMPP\htdocs\myclinic\protected\controllers\PegawaiController.php(5): CController->render('index', Array)
#21 D:\Apps\XAMPP\htdocs\myclinic\framework\web\actions\CInlineAction.php(49): PegawaiController->actionIndex()
#22 D:\Apps\XAMPP\htdocs\myclinic\framework\web\CController.php(308): CInlineAction->runWithParams(Array)
#23 D:\Apps\XAMPP\htdocs\myclinic\framework\web\CController.php(286): CController->runAction(Object(CInlineAction))
#24 D:\Apps\XAMPP\htdocs\myclinic\framework\web\CController.php(265): CController->runActionWithFilters(Object(CInlineAction), Array)
#25 D:\Apps\XAMPP\htdocs\myclinic\framework\web\CWebApplication.php(282): CController->run('index')
#26 D:\Apps\XAMPP\htdocs\myclinic\framework\web\CWebApplication.php(141): CWebApplication->runController('pegawai/index')
#27 D:\Apps\XAMPP\htdocs\myclinic\framework\base\CApplication.php(185): CWebApplication->processRequest()
#28 D:\Apps\XAMPP\htdocs\myclinic\index.php(12): CApplication->run()
#29 {main}
REQUEST_URI=/index.php?r=pegawai/index
HTTP_REFERER=http://localhost:8088/index.php?r=site/index
---
2025/03/11 19:22:21 [error] [exception.CDbException] CDbException: CDbConnection failed to open the DB connection: could not find driver in D:\Apps\XAMPP\htdocs\myclinic\framework\db\CDbConnection.php:399
Stack trace:
#0 D:\Apps\XAMPP\htdocs\myclinic\framework\db\CDbConnection.php(347): CDbConnection->open()
#1 D:\Apps\XAMPP\htdocs\myclinic\framework\db\CDbConnection.php(325): CDbConnection->setActive(true)
#2 D:\Apps\XAMPP\htdocs\myclinic\framework\base\CModule.php(394): CDbConnection->init()
#3 D:\Apps\XAMPP\htdocs\myclinic\framework\base\CApplication.php(459): CModule->getComponent('db')
#4 D:\Apps\XAMPP\htdocs\myclinic\framework\db\ar\CActiveRecord.php(639): CApplication->getDb()
#5 D:\Apps\XAMPP\htdocs\myclinic\framework\db\ar\CActiveRecord.php(672): CActiveRecord->getDbConnection()
#6 D:\Apps\XAMPP\htdocs\myclinic\framework\db\ar\CActiveRecord.php(1604): CActiveRecord->getCommandBuilder()
#7 D:\Apps\XAMPP\htdocs\myclinic\framework\web\CActiveDataProvider.php(228): CActiveRecord->count(Object(CDbCriteria))
#8 D:\Apps\XAMPP\htdocs\myclinic\framework\web\CDataProvider.php(224): CActiveDataProvider->calculateTotalItemCount()
#9 D:\Apps\XAMPP\htdocs\myclinic\framework\web\CActiveDataProvider.php(178): CDataProvider->getTotalItemCount()
#10 D:\Apps\XAMPP\htdocs\myclinic\framework\web\CDataProvider.php(168): CActiveDataProvider->fetchData()
#11 D:\Apps\XAMPP\htdocs\myclinic\framework\zii\widgets\CBaseListView.php(125): CDataProvider->getData()
#12 D:\Apps\XAMPP\htdocs\myclinic\framework\zii\widgets\CListView.php(211): CBaseListView->init()
#13 D:\Apps\XAMPP\htdocs\myclinic\framework\web\CBaseController.php(147): CListView->init()
#14 D:\Apps\XAMPP\htdocs\myclinic\framework\web\CBaseController.php(181): CBaseController->createWidget('zii.widgets.CLi...', Array)
#15 D:\Apps\XAMPP\htdocs\myclinic\protected\views\pegawai\index.php(5): CBaseController->widget('zii.widgets.CLi...', Array)
#16 D:\Apps\XAMPP\htdocs\myclinic\framework\web\CBaseController.php(126): require('D:\\Apps\\XAMPP\\h...')
#17 D:\Apps\XAMPP\htdocs\myclinic\framework\web\CBaseController.php(95): CBaseController->renderInternal('D:\\Apps\\XAMPP\\h...', Array, true)
#18 D:\Apps\XAMPP\htdocs\myclinic\framework\web\CController.php(872): CBaseController->renderFile('D:\\Apps\\XAMPP\\h...', Array, true)
#19 D:\Apps\XAMPP\htdocs\myclinic\framework\web\CController.php(785): CController->renderPartial('index', Array, true)
#20 D:\Apps\XAMPP\htdocs\myclinic\protected\controllers\PegawaiController.php(5): CController->render('index', Array)
#21 D:\Apps\XAMPP\htdocs\myclinic\framework\web\actions\CInlineAction.php(49): PegawaiController->actionIndex()
#22 D:\Apps\XAMPP\htdocs\myclinic\framework\web\CController.php(308): CInlineAction->runWithParams(Array)
#23 D:\Apps\XAMPP\htdocs\myclinic\framework\web\CController.php(286): CController->runAction(Object(CInlineAction))
#24 D:\Apps\XAMPP\htdocs\myclinic\framework\web\CController.php(265): CController->runActionWithFilters(Object(CInlineAction), Array)
#25 D:\Apps\XAMPP\htdocs\myclinic\framework\web\CWebApplication.php(282): CController->run('index')
#26 D:\Apps\XAMPP\htdocs\myclinic\framework\web\CWebApplication.php(141): CWebApplication->runController('pegawai/index')
#27 D:\Apps\XAMPP\htdocs\myclinic\framework\base\CApplication.php(185): CWebApplication->processRequest()
#28 D:\Apps\XAMPP\htdocs\myclinic\index.php(12): CApplication->run()
#29 {main}
REQUEST_URI=/index.php?r=pegawai/index
HTTP_REFERER=http://localhost:8088/index.php?r=site/index
---
